<?xml version="1.0" encoding="UTF-8"?>
<!-- Generated by org.testng.reporters.JUnitReportReporter -->
<testsuite hostname="LAPTOP-HKEQ8LR6" failures="2" tests="12" name="runner.TestRunner" time="21.122" errors="5" timestamp="2025-07-29T17:44:09 IST" skipped="0">
  <testcase classname="runner.TestRunner" name="runScenario" time="1.255"/>
  <testcase classname="runner.TestRunner" name="runScenario" time="0.059">
    <error message="The step &#039;the user is on the Booking Module page&#039; and 3 other step(s) are undefined.
You can implement these steps using the snippet(s) below:

@Given(&quot;the user is on the Booking Module page&quot;)
public void the_user_is_on_the_booking_module_page() {
    // Write code here that turns the phrase above into concrete actions
    throw new io.cucumber.java.PendingException();
}
@When(&quot;the user enters invalid data in required fields&quot;)
public void the_user_enters_invalid_data_in_required_fields() {
    // Write code here that turns the phrase above into concrete actions
    throw new io.cucumber.java.PendingException();
}
@When(&quot;clicks the Submit button&quot;)
public void clicks_the_submit_button() {
    // Write code here that turns the phrase above into concrete actions
    throw new io.cucumber.java.PendingException();
}
@Then(&quot;validation error messages should be displayed&quot;)
public void validation_error_messages_should_be_displayed() {
    // Write code here that turns the phrase above into concrete actions
    throw new io.cucumber.java.PendingException();
}
" type="io.cucumber.testng.UndefinedStepException">
      <![CDATA[io.cucumber.testng.UndefinedStepException: The step 'the user is on the Booking Module page' and 3 other step(s) are undefined.
You can implement these steps using the snippet(s) below:

@Given("the user is on the Booking Module page")
public void the_user_is_on_the_booking_module_page() {
    // Write code here that turns the phrase above into concrete actions
    throw new io.cucumber.java.PendingException();
}
@When("the user enters invalid data in required fields")
public void the_user_enters_invalid_data_in_required_fields() {
    // Write code here that turns the phrase above into concrete actions
    throw new io.cucumber.java.PendingException();
}
@When("clicks the Submit button")
public void clicks_the_submit_button() {
    // Write code here that turns the phrase above into concrete actions
    throw new io.cucumber.java.PendingException();
}
@Then("validation error messages should be displayed")
public void validation_error_messages_should_be_displayed() {
    // Write code here that turns the phrase above into concrete actions
    throw new io.cucumber.java.PendingException();
}

at ✽.the user is on the Booking Module page(file:///C:/Users/User/git/repository/CTS_Sprint_2/src/test/java/features/Booking_Module.feature:20)
]]>
    </error>
  </testcase> <!-- runScenario -->
  <testcase classname="runner.TestRunner" name="runScenario" time="5.624">
    <failure message="Username does not match. Expected: flightadmin, Actual: " type="java.lang.AssertionError">
      <![CDATA[java.lang.AssertionError: Username does not match. Expected: flightadmin, Actual: 
at pages.LoginPageFactory.verifyRememberedCredentials(LoginPageFactory.java:119)
at stepDefinitions.LoginTest.verify_remembered_credentials(LoginTest.java:93)
at ✽.credentials should be remembered on next visit(file:///C:/Users/User/git/repository/CTS_Sprint_2/src/test/java/features/login.feature:41)
]]>
    </failure>
  </testcase> <!-- runScenario -->
  <testcase classname="runner.TestRunner" name="runScenario" time="4.319"/>
  <testcase classname="runner.TestRunner" name="runScenario" time="0.054">
    <error message="The step &#039;the user is on the Booking Module page&#039; and 3 other step(s) are undefined.
You can implement these steps using the snippet(s) below:

@Given(&quot;the user is on the Booking Module page&quot;)
public void the_user_is_on_the_booking_module_page() {
    // Write code here that turns the phrase above into concrete actions
    throw new io.cucumber.java.PendingException();
}
@When(&quot;the user leaves all required fields blank&quot;)
public void the_user_leaves_all_required_fields_blank() {
    // Write code here that turns the phrase above into concrete actions
    throw new io.cucumber.java.PendingException();
}
@When(&quot;clicks the Submit button&quot;)
public void clicks_the_submit_button() {
    // Write code here that turns the phrase above into concrete actions
    throw new io.cucumber.java.PendingException();
}
@Then(&quot;an error message should be displayed for required fields&quot;)
public void an_error_message_should_be_displayed_for_required_fields() {
    // Write code here that turns the phrase above into concrete actions
    throw new io.cucumber.java.PendingException();
}
" type="io.cucumber.testng.UndefinedStepException">
      <![CDATA[io.cucumber.testng.UndefinedStepException: The step 'the user is on the Booking Module page' and 3 other step(s) are undefined.
You can implement these steps using the snippet(s) below:

@Given("the user is on the Booking Module page")
public void the_user_is_on_the_booking_module_page() {
    // Write code here that turns the phrase above into concrete actions
    throw new io.cucumber.java.PendingException();
}
@When("the user leaves all required fields blank")
public void the_user_leaves_all_required_fields_blank() {
    // Write code here that turns the phrase above into concrete actions
    throw new io.cucumber.java.PendingException();
}
@When("clicks the Submit button")
public void clicks_the_submit_button() {
    // Write code here that turns the phrase above into concrete actions
    throw new io.cucumber.java.PendingException();
}
@Then("an error message should be displayed for required fields")
public void an_error_message_should_be_displayed_for_required_fields() {
    // Write code here that turns the phrase above into concrete actions
    throw new io.cucumber.java.PendingException();
}

at ✽.the user is on the Booking Module page(file:///C:/Users/User/git/repository/CTS_Sprint_2/src/test/java/features/Booking_Module.feature:13)
]]>
    </error>
  </testcase> <!-- runScenario -->
  <testcase classname="runner.TestRunner" name="runScenario" time="1.306"/>
  <testcase classname="runner.TestRunner" name="runScenario" time="1.259"/>
  <testcase classname="runner.TestRunner" name="runScenario" time="0.072">
    <error message="The step &#039;the user has entered data in the booking form&#039; and 2 other step(s) are undefined.
You can implement these steps using the snippet(s) below:

@Given(&quot;the user has entered data in the booking form&quot;)
public void the_user_has_entered_data_in_the_booking_form() {
    // Write code here that turns the phrase above into concrete actions
    throw new io.cucumber.java.PendingException();
}
@When(&quot;the user clicks the Reset button&quot;)
public void the_user_clicks_the_reset_button() {
    // Write code here that turns the phrase above into concrete actions
    throw new io.cucumber.java.PendingException();
}
@Then(&quot;all fields in the form should be cleared&quot;)
public void all_fields_in_the_form_should_be_cleared() {
    // Write code here that turns the phrase above into concrete actions
    throw new io.cucumber.java.PendingException();
}
" type="io.cucumber.testng.UndefinedStepException">
      <![CDATA[io.cucumber.testng.UndefinedStepException: The step 'the user has entered data in the booking form' and 2 other step(s) are undefined.
You can implement these steps using the snippet(s) below:

@Given("the user has entered data in the booking form")
public void the_user_has_entered_data_in_the_booking_form() {
    // Write code here that turns the phrase above into concrete actions
    throw new io.cucumber.java.PendingException();
}
@When("the user clicks the Reset button")
public void the_user_clicks_the_reset_button() {
    // Write code here that turns the phrase above into concrete actions
    throw new io.cucumber.java.PendingException();
}
@Then("all fields in the form should be cleared")
public void all_fields_in_the_form_should_be_cleared() {
    // Write code here that turns the phrase above into concrete actions
    throw new io.cucumber.java.PendingException();
}

at ✽.the user has entered data in the booking form(file:///C:/Users/User/git/repository/CTS_Sprint_2/src/test/java/features/Booking_Module.feature:33)
]]>
    </error>
  </testcase> <!-- runScenario -->
  <testcase classname="runner.TestRunner" name="runScenario" time="1.676"/>
  <testcase classname="runner.TestRunner" name="runScenario" time="0.323">
    <failure message="Page not found (404 error detected)" type="java.lang.AssertionError">
      <![CDATA[java.lang.AssertionError: Page not found (404 error detected)
at pages.LoginPageFactory.verifyForgotPasswordRedirect(LoginPageFactory.java:125)
at stepDefinitions.LoginTest.verify_forgot_password_redirect(LoginTest.java:103)
at ✽.it should redirect to the reset password page(file:///C:/Users/User/git/repository/CTS_Sprint_2/src/test/java/features/login.feature:45)
]]>
    </failure>
  </testcase> <!-- runScenario -->
  <testcase classname="runner.TestRunner" name="runScenario" time="5.101">
    <error message="The step &#039;the user is on the Booking Module page&#039; and 3 other step(s) are undefined.
You can implement these steps using the snippet(s) below:

@Given(&quot;the user is on the Booking Module page&quot;)
public void the_user_is_on_the_booking_module_page() {
    // Write code here that turns the phrase above into concrete actions
    throw new io.cucumber.java.PendingException();
}
@When(&quot;the user enters all required fields with valid data&quot;)
public void the_user_enters_all_required_fields_with_valid_data() {
    // Write code here that turns the phrase above into concrete actions
    throw new io.cucumber.java.PendingException();
}
@When(&quot;clicks the Submit button&quot;)
public void clicks_the_submit_button() {
    // Write code here that turns the phrase above into concrete actions
    throw new io.cucumber.java.PendingException();
}
@Then(&quot;the booking should be successful&quot;)
public void the_booking_should_be_successful() {
    // Write code here that turns the phrase above into concrete actions
    throw new io.cucumber.java.PendingException();
}
" type="io.cucumber.testng.UndefinedStepException">
      <![CDATA[io.cucumber.testng.UndefinedStepException: The step 'the user is on the Booking Module page' and 3 other step(s) are undefined.
You can implement these steps using the snippet(s) below:

@Given("the user is on the Booking Module page")
public void the_user_is_on_the_booking_module_page() {
    // Write code here that turns the phrase above into concrete actions
    throw new io.cucumber.java.PendingException();
}
@When("the user enters all required fields with valid data")
public void the_user_enters_all_required_fields_with_valid_data() {
    // Write code here that turns the phrase above into concrete actions
    throw new io.cucumber.java.PendingException();
}
@When("clicks the Submit button")
public void clicks_the_submit_button() {
    // Write code here that turns the phrase above into concrete actions
    throw new io.cucumber.java.PendingException();
}
@Then("the booking should be successful")
public void the_booking_should_be_successful() {
    // Write code here that turns the phrase above into concrete actions
    throw new io.cucumber.java.PendingException();
}

at ✽.the user is on the Booking Module page(file:///C:/Users/User/git/repository/CTS_Sprint_2/src/test/java/features/Booking_Module.feature:6)
]]>
    </error>
  </testcase> <!-- runScenario -->
  <testcase classname="runner.TestRunner" name="runScenario" time="0.074">
    <error message="The step &#039;the user has filled in all valid booking details&#039; and 2 other step(s) are undefined.
You can implement these steps using the snippet(s) below:

@Given(&quot;the user has filled in all valid booking details&quot;)
public void the_user_has_filled_in_all_valid_booking_details() {
    // Write code here that turns the phrase above into concrete actions
    throw new io.cucumber.java.PendingException();
}
@When(&quot;the user clicks the Book Now button&quot;)
public void the_user_clicks_the_book_now_button() {
    // Write code here that turns the phrase above into concrete actions
    throw new io.cucumber.java.PendingException();
}
@Then(&quot;the booking should be confirmed&quot;)
public void the_booking_should_be_confirmed() {
    // Write code here that turns the phrase above into concrete actions
    throw new io.cucumber.java.PendingException();
}
" type="io.cucumber.testng.UndefinedStepException">
      <![CDATA[io.cucumber.testng.UndefinedStepException: The step 'the user has filled in all valid booking details' and 2 other step(s) are undefined.
You can implement these steps using the snippet(s) below:

@Given("the user has filled in all valid booking details")
public void the_user_has_filled_in_all_valid_booking_details() {
    // Write code here that turns the phrase above into concrete actions
    throw new io.cucumber.java.PendingException();
}
@When("the user clicks the Book Now button")
public void the_user_clicks_the_book_now_button() {
    // Write code here that turns the phrase above into concrete actions
    throw new io.cucumber.java.PendingException();
}
@Then("the booking should be confirmed")
public void the_booking_should_be_confirmed() {
    // Write code here that turns the phrase above into concrete actions
    throw new io.cucumber.java.PendingException();
}

at ✽.the user has filled in all valid booking details(file:///C:/Users/User/git/repository/CTS_Sprint_2/src/test/java/features/Booking_Module.feature:27)
]]>
    </error>
  </testcase> <!-- runScenario -->
</testsuite> <!-- runner.TestRunner -->
