<?xml version="1.0" encoding="UTF-8"?>
<!-- Generated by org.testng.reporters.JUnitReportReporter -->
<testsuite hostname="LAPTOP-HKEQ8LR6" failures="2" tests="6" name="runner.TestRunner" time="19.921" errors="0" timestamp="2025-07-25T11:47:21 IST" skipped="0">
  <testcase classname="runner.TestRunner" name="runScenario" time="5.936">
    <failure message="Username does not match. Expected: flightadmin, Actual: " type="java.lang.AssertionError">
      <![CDATA[java.lang.AssertionError: Username does not match. Expected: flightadmin, Actual: 
at pages.LoginPageFactory.verifyRememberedCredentials(LoginPageFactory.java:120)
at stepDefinitions.LoginTest.verify_remembered_credentials(LoginTest.java:93)
at ✽.credentials should be remembered on next visit(file:///D:/eclipse%20workspace/CTS_Sprint_2/src/test/java/features/login.feature:41)
]]>
    </failure>
  </testcase> <!-- runScenario -->
  <testcase classname="runner.TestRunner" name="runScenario" time="0.304">
    <failure message="Page not found (404 error detected)" type="java.lang.AssertionError">
      <![CDATA[java.lang.AssertionError: Page not found (404 error detected)
at pages.LoginPageFactory.verifyForgotPasswordRedirect(LoginPageFactory.java:126)
at stepDefinitions.LoginTest.verify_forgot_password_redirect(LoginTest.java:103)
at ✽.it should redirect to the reset password page(file:///D:/eclipse%20workspace/CTS_Sprint_2/src/test/java/features/login.feature:45)
]]>
    </failure>
  </testcase> <!-- runScenario -->
  <testcase classname="runner.TestRunner" name="runScenario" time="9.386"/>
  <testcase classname="runner.TestRunner" name="runScenario" time="1.441"/>
  <testcase classname="runner.TestRunner" name="runScenario" time="1.419"/>
  <testcase classname="runner.TestRunner" name="runScenario" time="1.435"/>
</testsuite> <!-- runner.TestRunner -->
