<?xml version="1.0" encoding="UTF-8"?>
<!-- Generated by org.testng.reporters.JUnitReportReporter -->
<testsuite hostname="LAPTOP-HKEQ8LR6" failures="3" tests="12" name="runner.TestRunner" time="61.247" errors="0" timestamp="2025-07-30T13:02:37 IST" skipped="0">
  <testcase classname="runner.TestRunner" name="runScenario" time="7.966"/>
  <testcase classname="runner.TestRunner" name="runScenario" time="1.483"/>
  <testcase classname="runner.TestRunner" name="runScenario" time="1.494"/>
  <testcase classname="runner.TestRunner" name="runScenario" time="4.837">
    <failure message="Username does not match. Expected: flightadmin, Actual: " type="java.lang.AssertionError">
      <![CDATA[java.lang.AssertionError: Username does not match. Expected: flightadmin, Actual: 
at pages.LoginPageFactory.verifyRememberedCredentials(LoginPageFactory.java:122)
at stepDefinitions.LoginTest.verify_remembered_credentials(LoginTest.java:93)
at ✽.credentials should be remembered on next visit(file:///C:/Users/User/git/repository/CTS_Sprint_2/src/test/java/features/login.feature:41)
]]>
    </failure>
  </testcase> <!-- runScenario -->
  <testcase classname="runner.TestRunner" name="runScenario" time="5.998"/>
  <testcase classname="runner.TestRunner" name="runScenario" time="17.873"/>
  <testcase classname="runner.TestRunner" name="runScenario" time="0.278">
    <failure message="Page not found (404 error detected)" type="java.lang.AssertionError">
      <![CDATA[java.lang.AssertionError: Page not found (404 error detected)
at pages.LoginPageFactory.verifyForgotPasswordRedirect(LoginPageFactory.java:128)
at stepDefinitions.LoginTest.verify_forgot_password_redirect(LoginTest.java:103)
at ✽.it should redirect to the reset password page(file:///C:/Users/User/git/repository/CTS_Sprint_2/src/test/java/features/login.feature:45)
]]>
    </failure>
  </testcase> <!-- runScenario -->
  <testcase classname="runner.TestRunner" name="runScenario" time="2.566">
    <failure message="TEST FAILED: Logout button is mislabeled. Bug AG-28 is confirmed. expected [Logout] but found [LOGIN]" type="java.lang.AssertionError">
      <![CDATA[java.lang.AssertionError: TEST FAILED: Logout button is mislabeled. Bug AG-28 is confirmed. expected [Logout] but found [LOGIN]
at org.testng.Assert.fail(Assert.java:97)
at org.testng.Assert.assertEqualsImpl(Assert.java:136)
at org.testng.Assert.assertEquals(Assert.java:118)
at org.testng.Assert.assertEquals(Assert.java:575)
at stepDefinitions.LogoutTest.the_user_should_see_a_button(LogoutTest.java:39)
at ✽.the user should see a "Logout" button(file:///C:/Users/User/git/repository/CTS_Sprint_2/src/test/java/features/logout.feature:8)
]]>
    </failure>
  </testcase> <!-- runScenario -->
  <testcase classname="runner.TestRunner" name="runScenario" time="1.384"/>
  <testcase classname="runner.TestRunner" name="runScenario" time="7.825"/>
  <testcase classname="runner.TestRunner" name="runScenario" time="8.120"/>
  <testcase classname="runner.TestRunner" name="runScenario" time="1.423"/>
</testsuite> <!-- runner.TestRunner -->
