<?xml version="1.0" encoding="UTF-8"?>
<!-- Generated by org.testng.reporters.JUnitReportReporter -->
<testsuite hostname="LAPTOP-0ADF79OO" failures="3" tests="5" name="runner.TestRunner" time="14.353" errors="0" timestamp="2025-07-30T16:28:25 IST" skipped="0">
  <testcase classname="runner.TestRunner" name="runScenario" time="1.727">
    <failure message="Expected required field error." type="java.lang.AssertionError">
      <![CDATA[java.lang.AssertionError: Expected required field error.
at stepDefinitions.EnquirySteps.error_messages_should_be_shown_for_missing_fields(EnquirySteps.java:65)
at ✽.Error messages should be shown for missing fields(file:///C:/Users/joymi/git/New%20folder%20(2)/Testing_Flight_Booking_System/CTS_Sprint_2/src/test/java/features/enquiry.feature:26)
]]>
    </failure>
  </testcase> <!-- runScenario -->
  <testcase classname="runner.TestRunner" name="runScenario" time="1.721">
    <failure message="Expected message length error." type="java.lang.AssertionError">
      <![CDATA[java.lang.AssertionError: Expected message length error.
at stepDefinitions.EnquirySteps.the_system_should_display_character_limit_warning(EnquirySteps.java:81)
at ✽.The system should display character limit warning(file:///C:/Users/joymi/git/New%20folder%20(2)/Testing_Flight_Booking_System/CTS_Sprint_2/src/test/java/features/enquiry.feature:31)
]]>
    </failure>
  </testcase> <!-- runScenario -->
  <testcase classname="runner.TestRunner" name="runScenario" time="1.814">
    <failure message="Expected message length error." type="java.lang.AssertionError">
      <![CDATA[java.lang.AssertionError: Expected message length error.
at stepDefinitions.EnquirySteps.error_should_be_displayed_for_empty_subject(EnquirySteps.java:101)
at ✽.Error should be displayed for empty subject(file:///C:/Users/joymi/git/New%20folder%20(2)/Testing_Flight_Booking_System/CTS_Sprint_2/src/test/java/features/enquiry.feature:41)
]]>
    </failure>
  </testcase> <!-- runScenario -->
  <testcase classname="runner.TestRunner" name="runScenario" time="7.596"/>
  <testcase classname="runner.TestRunner" name="runScenario" time="1.495"/>
</testsuite> <!-- runner.TestRunner -->
